<?xml version="1.0" encoding="UTF-8"?>
<!-- Generated by org.testng.reporters.JUnitReportReporter -->
<testsuite hostname="LAPTOP-TVU5A5LQ" failures="0" tests="1" name="main.NewTest" time="15.713" errors="0" timestamp="2022-05-11T12:17:29 IST" skipped="0">
  <testcase classname="main.NewTest" name="scenario3" time="15.713"/>
  <system-out/>
</testsuite> <!-- main.NewTest -->
